<?xml version="1.0" encoding="UTF-8" ?>
<testsuite errors="0" failures="0" hostname="sheldon-VirtualBox" name="com.flatironschool.javacs.WikiSearchTest" skipped="0" tests="4" time="0.201" timestamp="2016-07-24T22:52:55">
  <properties>
    <property name="java.vendor" value="Oracle Corporation" />
    <property name="env.SESSION_MANAGER" value="local/sheldon-VirtualBox:@/tmp/.ICE-unix/1569,unix/sheldon-VirtualBox:/tmp/.ICE-unix/1569" />
    <property name="env.LESSOPEN" value="| /usr/bin/lesspipe %s" />
    <property name="sun.java.launcher" value="SUN_STANDARD" />
    <property name="sun.management.compiler" value="HotSpot 64-Bit Tiered Compilers" />
    <property name="env._system_arch" value="x86_64" />
    <property name="env.GEM_HOME" value="/home/sheldon/.rvm/gems/ruby-2.3.0" />
    <property name="os.name" value="Linux" />
    <property name="sun.boot.class.path" value="/usr/lib/jvm/java-7-openjdk-amd64/jre/lib/resources.jar:/usr/lib/jvm/java-7-openjdk-amd64/jre/lib/rt.jar:/usr/lib/jvm/java-7-openjdk-amd64/jre/lib/sunrsasign.jar:/usr/lib/jvm/java-7-openjdk-amd64/jre/lib/jsse.jar:/usr/lib/jvm/java-7-openjdk-amd64/jre/lib/jce.jar:/usr/lib/jvm/java-7-openjdk-amd64/jre/lib/charsets.jar:/usr/lib/jvm/java-7-openjdk-amd64/jre/lib/rhino.jar:/usr/lib/jvm/java-7-openjdk-amd64/jre/lib/jfr.jar:/usr/lib/jvm/java-7-openjdk-amd64/jre/classes" />
    <property name="env.PWD" value="/home/sheldon/code/labs/cs-application-retrieval-lab-codeU/javacs-lab12" />
    <property name="env.XDG_SESSION_COOKIE" value="37cbb2b2a55d427957dc9f3556f428ff-1469391077.524366-1881710283" />
    <property name="sun.desktop" value="gnome" />
    <property name="env.LANG" value="en_US.UTF-8" />
    <property name="java.vm.specification.vendor" value="Oracle Corporation" />
    <property name="ant.home" value="/usr/share/ant" />
    <property name="java.runtime.version" value="1.7.0_101-b00" />
    <property name="env.MY_RUBY_HOME" value="/home/sheldon/.rvm/rubies/ruby-2.3.0" />
    <property name="env.DEFAULTS_PATH" value="/usr/share/gconf/cinnamon.default.path" />
    <property name="env.XDG_VTNR" value="8" />
    <property name="env.DISPLAY" value=":0" />
    <property name="env.rvm_version" value="1.27.0 (latest)" />
    <property name="user.name" value="sheldon" />
    <property name="env._" value="/usr/bin/ant" />
    <property name="env.USER" value="sheldon" />
    <property name="env.SHELL" value="/bin/bash" />
    <property name="env.DESKTOP_SESSION" value="cinnamon" />
    <property name="env.XDG_DATA_DIRS" value="/usr/share/cinnamon:/usr/share/gnome:/usr/local/share/:/usr/share/:/usr/share/mdm/" />
    <property name="env._system_type" value="Linux" />
    <property name="env.PATH" value="/home/sheldon/.rvm/gems/ruby-2.3.0/bin:/home/sheldon/.rvm/gems/ruby-2.3.0@global/bin:/home/sheldon/.rvm/rubies/ruby-2.3.0/bin:/usr/local/sbin:/usr/local/bin:/usr/sbin:/usr/bin:/sbin:/bin:/usr/games:/usr/local/games:/home/sheldon/.rvm/bin:/home/sheldon/.rvm/bin:/home/sheldon/.rvm/bin" />
    <property name="env.XDG_CURRENT_DESKTOP" value="X-Cinnamon" />
    <property name="user.language" value="en" />
    <property name="env.rvm_prefix" value="/home/sheldon" />
    <property name="env.XDG_SESSION_DESKTOP" value="cinnamon" />
    <property name="sun.boot.library.path" value="/usr/lib/jvm/java-7-openjdk-amd64/jre/lib/amd64" />
    <property name="env.TEXTDOMAIN" value="im-config" />
    <property name="ant.project.default-target" value="build" />
    <property name="ant.project.name" value="JavaCS" />
    <property name="env.rvm_path" value="/home/sheldon/.rvm" />
    <property name="env.RUBY_VERSION" value="ruby-2.3.0" />
    <property name="java.version" value="1.7.0_101" />
    <property name="user.timezone" value="" />
    <property name="env.DBUS_SESSION_BUS_ADDRESS" value="unix:abstract=/tmp/dbus-YZeTgC4khK,guid=2db496104a6c48467d7cf899579520e6" />
    <property name="env.QT_STYLE_OVERRIDE" value="gtk" />
    <property name="sun.arch.data.model" value="64" />
    <property name="env._system_name" value="Mint" />
    <property name="env.SSH_AGENT_PID" value="1746" />
    <property name="java.endorsed.dirs" value="/usr/lib/jvm/java-7-openjdk-amd64/jre/lib/endorsed" />
    <property name="sun.cpu.isalist" value="" />
    <property name="sun.jnu.encoding" value="UTF-8" />
    <property name="env.rvm_bin_path" value="/home/sheldon/.rvm/bin" />
    <property name="file.encoding.pkg" value="sun.io" />
    <property name="env.SHLVL" value="1" />
    <property name="env.MDM_LANG" value="en_US.UTF-8" />
    <property name="file.separator" value="/" />
    <property name="env._system_version" value="17.3" />
    <property name="java.specification.name" value="Java Platform API Specification" />
    <property name="env.GNOME_DESKTOP_SESSION_ID" value="this-is-deprecated" />
    <property name="java.class.version" value="51.0" />
    <property name="env.GDMSESSION" value="cinnamon" />
    <property name="user.country" value="US" />
    <property name="ant.file.JavaCS" value="/home/sheldon/code/labs/cs-application-retrieval-lab-codeU/javacs-lab12/build.xml" />
    <property name="java.home" value="/usr/lib/jvm/java-7-openjdk-amd64/jre" />
    <property name="java.vm.info" value="mixed mode" />
    <property name="env.LOGNAME" value="sheldon" />
    <property name="ant.file" value="/home/sheldon/code/labs/cs-application-retrieval-lab-codeU/javacs-lab12/build.xml" />
    <property name="os.version" value="3.19.0-32-generic" />
    <property name="path.separator" value=":" />
    <property name="java.vm.version" value="24.95-b01" />
    <property name="env.MDMSESSION" value="cinnamon" />
    <property name="env.TEXTDOMAINDIR" value="/usr/share/locale/" />
    <property name="ant.library.dir" value="/usr/share/ant/lib" />
    <property name="junit.output.dir" value="junit" />
    <property name="env.IRBRC" value="/home/sheldon/.rvm/rubies/ruby-2.3.0/.irbrc" />
    <property name="env.TERM" value="xterm" />
    <property name="java.awt.printerjob" value="sun.print.PSPrinterJob" />
    <property name="sun.io.unicode.encoding" value="UnicodeLittle" />
    <property name="env.WINDOWPATH" value="8" />
    <property name="awt.toolkit" value="sun.awt.X11.XToolkit" />
    <property name="env.GEM_PATH" value="/home/sheldon/.rvm/gems/ruby-2.3.0:/home/sheldon/.rvm/gems/ruby-2.3.0@global" />
    <property name="user.home" value="/home/sheldon" />
    <property name="target" value="1.7" />
    <property name="env.OLDPWD" value="/home/sheldon/code/labs/cs-application-retrieval-lab-codeU/javacs-lab12/src/com/flatironschool/javacs" />
    <property name="java.specification.vendor" value="Oracle Corporation" />
    <property name="env.WINDOWID" value="50331656" />
    <property name="env.VTE_VERSION" value="3409" />
    <property name="java.library.path" value="/usr/java/packages/lib/amd64:/usr/lib/x86_64-linux-gnu/jni:/lib/x86_64-linux-gnu:/usr/lib/x86_64-linux-gnu:/usr/lib/jni:/lib:/usr/lib" />
    <property name="java.vendor.url" value="http://java.oracle.com/" />
    <property name="env.GDM_XSERVER_LOCATION" value="local" />
    <property name="java.vm.vendor" value="Oracle Corporation" />
    <property name="env.XDG_SEAT" value="seat0" />
    <property name="env.CLUTTER_BACKEND" value="x11" />
    <property name="java.runtime.name" value="OpenJDK Runtime Environment" />
    <property name="java.class.path" value="/home/sheldon/code/labs/cs-application-retrieval-lab-codeU/javacs-lab12/bin:/home/sheldon/code/labs/cs-application-retrieval-lab-codeU/javacs-lab12/lib/jedis-2.8.0.jar:/home/sheldon/code/labs/cs-application-retrieval-lab-codeU/javacs-lab12/lib/jsoup-1.8.3.jar:/home/sheldon/code/labs/cs-application-retrieval-lab-codeU/javacs-lab12/lib/junit-4.12.jar:/home/sheldon/code/labs/cs-application-retrieval-lab-codeU/javacs-lab12/lib/hamcrest-core-1.3.jar:/home/sheldon/code/labs/cs-application-retrieval-lab-codeU/javacs-lab12/lib/hamcrest-library-1.3.jar:/home/sheldon/code/labs/cs-application-retrieval-lab-codeU/javacs-lab12/lib/joptsimple.jar:/usr/share/java/ant-launcher-1.9.3.jar:/usr/share/ant/lib/ant.jar:/usr/share/ant/lib/ant-junit.jar:/usr/share/ant/lib/ant-junit4.jar" />
    <property name="ant.version" value="Apache Ant(TM) version 1.9.3 compiled on April 8 2014" />
    <property name="sun.java.command" value="org.apache.tools.ant.taskdefs.optional.junit.JUnitTestRunner com.flatironschool.javacs.WikiSearchTest skipNonTests=false filtertrace=true haltOnError=false haltOnFailure=false formatter=org.apache.tools.ant.taskdefs.optional.junit.OutErrSummaryJUnitResultFormatter showoutput=false outputtoformatters=true logfailedtests=true logtestlistenerevents=false formatter=org.apache.tools.ant.taskdefs.optional.junit.XMLJUnitResultFormatter,/home/sheldon/code/labs/cs-application-retrieval-lab-codeU/javacs-lab12/junit/TEST-com.flatironschool.javacs.WikiSearchTest.xml formatter=org.apache.tools.ant.taskdefs.optional.junit.PlainJUnitResultFormatter crashfile=/home/sheldon/code/labs/cs-application-retrieval-lab-codeU/javacs-lab12/junitvmwatcher2806400650417881834.properties propsfile=/home/sheldon/code/labs/cs-application-retrieval-lab-codeU/javacs-lab12/junit809238246591256033.properties" />
    <property name="env.XDG_SESSION_ID" value="c1" />
    <property name="env.MDM_XSERVER_LOCATION" value="local" />
    <property name="ant.file.type.JavaCS" value="file" />
    <property name="java.vm.specification.name" value="Java Virtual Machine Specification" />
    <property name="ant.file.type" value="file" />
    <property name="java.vm.specification.version" value="1.7" />
    <property name="sun.os.patch.level" value="unknown" />
    <property name="sun.cpu.endian" value="little" />
    <property name="debuglevel" value="source,lines,vars" />
    <property name="env.HOME" value="/home/sheldon" />
    <property name="env.LS_COLORS" value="rs=0:di=01;34:ln=01;36:mh=00:pi=40;33:so=01;35:do=01;35:bd=40;33;01:cd=40;33;01:or=40;31;01:su=37;41:sg=30;43:ca=30;41:tw=30;42:ow=34;42:st=37;44:ex=01;32:*.tar=01;31:*.tgz=01;31:*.arj=01;31:*.taz=01;31:*.lzh=01;31:*.lzma=01;31:*.tlz=01;31:*.txz=01;31:*.zip=01;31:*.z=01;31:*.Z=01;31:*.dz=01;31:*.gz=01;31:*.lz=01;31:*.xz=01;31:*.bz2=01;31:*.bz=01;31:*.tbz=01;31:*.tbz2=01;31:*.tz=01;31:*.deb=01;31:*.rpm=01;31:*.jar=01;31:*.war=01;31:*.ear=01;31:*.sar=01;31:*.rar=01;31:*.ace=01;31:*.zoo=01;31:*.cpio=01;31:*.7z=01;31:*.rz=01;31:*.jpg=01;35:*.jpeg=01;35:*.gif=01;35:*.bmp=01;35:*.pbm=01;35:*.pgm=01;35:*.ppm=01;35:*.tga=01;35:*.xbm=01;35:*.xpm=01;35:*.tif=01;35:*.tiff=01;35:*.png=01;35:*.svg=01;35:*.svgz=01;35:*.mng=01;35:*.pcx=01;35:*.mov=01;35:*.mpg=01;35:*.mpeg=01;35:*.m2v=01;35:*.mkv=01;35:*.webm=01;35:*.ogm=01;35:*.mp4=01;35:*.m4v=01;35:*.mp4v=01;35:*.vob=01;35:*.qt=01;35:*.nuv=01;35:*.wmv=01;35:*.asf=01;35:*.rm=01;35:*.rmvb=01;35:*.flc=01;35:*.avi=01;35:*.fli=01;35:*.flv=01;35:*.gl=01;35:*.dl=01;35:*.xcf=01;35:*.xwd=01;35:*.yuv=01;35:*.cgm=01;35:*.emf=01;35:*.axv=01;35:*.anx=01;35:*.ogv=01;35:*.ogx=01;35:*.aac=00;36:*.au=00;36:*.flac=00;36:*.mid=00;36:*.midi=00;36:*.mka=00;36:*.mp3=00;36:*.mpc=00;36:*.ogg=00;36:*.ra=00;36:*.wav=00;36:*.axa=00;36:*.oga=00;36:*.spx=00;36:*.xspf=00;36:" />
    <property name="java.io.tmpdir" value="/tmp" />
    <property name="java.vendor.url.bug" value="http://bugreport.sun.com/bugreport/" />
    <property name="env.SSH_AUTH_SOCK" value="/run/user/1000/keyring-VbScNn/ssh" />
    <property name="java.awt.graphicsenv" value="sun.awt.X11GraphicsEnvironment" />
    <property name="os.arch" value="amd64" />
    <property name="env.XDG_RUNTIME_DIR" value="/run/user/1000" />
    <property name="java.ext.dirs" value="/usr/lib/jvm/java-7-openjdk-amd64/jre/lib/ext:/usr/java/packages/lib/ext" />
    <property name="user.dir" value="/home/sheldon/code/labs/cs-application-retrieval-lab-codeU/javacs-lab12" />
    <property name="env.XAUTHORITY" value="/home/sheldon/.Xauthority" />
    <property name="env.MANDATORY_PATH" value="/usr/share/gconf/cinnamon.mandatory.path" />
    <property name="line.separator" value="&#xa;" />
    <property name="java.vm.name" value="OpenJDK 64-Bit Server VM" />
    <property name="env.COLORTERM" value="gnome-terminal" />
    <property name="basedir" value="/home/sheldon/code/labs/cs-application-retrieval-lab-codeU/javacs-lab12" />
    <property name="ant.java.version" value="1.7" />
    <property name="ant.core.lib" value="/usr/share/ant/lib/ant.jar" />
    <property name="env.USERNAME" value="sheldon" />
    <property name="source" value="1.7" />
    <property name="file.encoding" value="UTF-8" />
    <property name="env.GPG_AGENT_INFO" value="/run/user/1000/keyring-VbScNn/gpg:0:1" />
    <property name="java.specification.version" value="1.7" />
    <property name="env.GNOME_KEYRING_CONTROL" value="/run/user/1000/keyring-VbScNn" />
    <property name="ant.project.invoked-targets" value="test" />
    <property name="env.XDG_CONFIG_DIRS" value="/etc/xdg/xdg-cinnamon:/etc/xdg" />
    <property name="env.LESSCLOSE" value="/usr/bin/lesspipe %s %s" />
  </properties>
  <testcase classname="com.flatironschool.javacs.WikiSearchTest" name="testAnd" time="0.007" />
  <testcase classname="com.flatironschool.javacs.WikiSearchTest" name="testMinus" time="0.0" />
  <testcase classname="com.flatironschool.javacs.WikiSearchTest" name="testSort" time="0.001" />
  <testcase classname="com.flatironschool.javacs.WikiSearchTest" name="testOr" time="0.0" />
  <system-out><![CDATA[]]></system-out>
  <system-err><![CDATA[]]></system-err>
</testsuite>
